<?xml version="1.0" encoding="UTF-8" standalone="no"?>
<!DOCTYPE log SYSTEM "logger.dtd">
<log>
<record>
  <date>2019-11-15T09:12:40</date>
  <millis>1573783960587</millis>
  <sequence>0</sequence>
  <level>START</level>
  <class>com.kms.katalon.core.logging.XmlKeywordLogger</class>
  <method>startSuite</method>
  <thread>1</thread>
  <message>Start Test Suite : Test Suites/Login</message>
  <nestedLevel>0</nestedLevel>
  <property name="name">Login</property>
  <property name="description"></property>
  <property name="id">Test Suites/Login</property>
</record>
<record>
  <date>2019-11-15T09:12:40</date>
  <millis>1573783960598</millis>
  <sequence>1</sequence>
  <level>RUN_DATA</level>
  <class>com.kms.katalon.core.logging.XmlKeywordLogger</class>
  <method>logMessage</method>
  <thread>1</thread>
  <message>hostName = VINHNNB$ - vinhnnb.mgm-edv.de</message>
  <nestedLevel>0</nestedLevel>
  <property name="hostName">VINHNNB$ - vinhnnb.mgm-edv.de</property>
</record>
<record>
  <date>2019-11-15T09:12:40</date>
  <millis>1573783960599</millis>
  <sequence>2</sequence>
  <level>RUN_DATA</level>
  <class>com.kms.katalon.core.logging.XmlKeywordLogger</class>
  <method>logMessage</method>
  <thread>1</thread>
  <message>os = Windows 10 64bit</message>
  <nestedLevel>0</nestedLevel>
  <property name="os">Windows 10 64bit</property>
</record>
<record>
  <date>2019-11-15T09:12:40</date>
  <millis>1573783960600</millis>
  <sequence>3</sequence>
  <level>RUN_DATA</level>
  <class>com.kms.katalon.core.logging.XmlKeywordLogger</class>
  <method>logMessage</method>
  <thread>1</thread>
  <message>hostAddress = 172.31.240.145</message>
  <nestedLevel>0</nestedLevel>
  <property name="hostAddress">172.31.240.145</property>
</record>
<record>
  <date>2019-11-15T09:12:40</date>
  <millis>1573783960601</millis>
  <sequence>4</sequence>
  <level>RUN_DATA</level>
  <class>com.kms.katalon.core.logging.XmlKeywordLogger</class>
  <method>logMessage</method>
  <thread>1</thread>
  <message>katalonVersion = 6.3.3.11</message>
  <nestedLevel>0</nestedLevel>
  <property name="katalonVersion">6.3.3.11</property>
</record>
<record>
  <date>2019-11-15T09:12:40</date>
  <millis>1573783960815</millis>
  <sequence>5</sequence>
  <level>START</level>
  <class>com.kms.katalon.core.logging.XmlKeywordLogger</class>
  <method>startTest</method>
  <thread>1</thread>
  <message>Start Test Case : Test Cases/LoginSucessful</message>
  <nestedLevel>1</nestedLevel>
  <property name="name">Test Cases/LoginSucessful</property>
  <property name="description"></property>
  <property name="id">Test Cases/LoginSucessful</property>
  <property name="source">C:\\Users\\vntdoan\\KatalonDeerberg\\Test Cases\\LoginSucessful.tc</property>
  <property name="tag"></property>
  <property name="isOptional">false</property>
</record>
<record>
  <date>2019-11-15T09:12:41</date>
  <millis>1573783961124</millis>
  <sequence>7</sequence>
  <level>START</level>
  <class>com.kms.katalon.core.logging.XmlKeywordLogger</class>
  <method>startKeyword</method>
  <thread>1</thread>
  <message>Start action : runFeatureFile(\&amp;quot;Include/features/LoginSucessful .feature\&amp;quot;)</message>
  <nestedLevel>1</nestedLevel>
  <property name="startLine">16</property>
  <property name="stepIndex">1</property>
</record>
<record>
  <date>2019-11-15T09:12:41</date>
  <millis>1573783961164</millis>
  <sequence>8</sequence>
  <level>INFO</level>
  <class>com.kms.katalon.core.logging.XmlKeywordLogger</class>
  <method>logMessage</method>
  <thread>1</thread>
  <message>Starting run keyword runFeatureFile: &amp;apos;Include/features/LoginSucessful .feature&amp;apos; and extract report to folder: &amp;apos;C:\\Users\\vntdoan\\KatalonDeerberg\\Reports\\20191115_091233\\Login\\20191115_091233/cucumber_report/1573783961157&amp;apos;...</message>
  <nestedLevel>1</nestedLevel>
</record>
<record>
  <date>2019-11-15T09:12:41</date>
  <millis>1573783961582</millis>
  <sequence>9</sequence>
  <level>START</level>
  <class>com.kms.katalon.core.logging.XmlKeywordLogger</class>
  <method>startTest</method>
  <thread>1</thread>
  <message>Start Test Case : SCENARIO Login successfully</message>
  <nestedLevel>2</nestedLevel>
</record>
<record>
  <date>2019-11-15T09:12:41</date>
  <millis>1573783961583</millis>
  <sequence>10</sequence>
  <level>START</level>
  <class>com.kms.katalon.core.logging.XmlKeywordLogger</class>
  <method>startKeyword</method>
  <thread>1</thread>
  <message>Start action : I am on &amp;apos;Deerberg account&amp;apos; site</message>
  <nestedLevel>2</nestedLevel>
</record>
<record>
  <date>2019-11-15T09:12:41</date>
  <millis>1573783961738</millis>
  <sequence>12</sequence>
  <level>INFO</level>
  <class>com.kms.katalon.core.logging.XmlKeywordLogger</class>
  <method>logMessage</method>
  <thread>1</thread>
  <message>Starting &amp;apos;Firefox&amp;apos; driver</message>
  <nestedLevel>2</nestedLevel>
</record>
<record>
  <date>2019-11-15T09:12:41</date>
  <millis>1573783961819</millis>
  <sequence>14</sequence>
  <level>INFO</level>
  <class>com.kms.katalon.core.logging.XmlKeywordLogger</class>
  <method>logMessage</method>
  <thread>1</thread>
  <message>Action delay is set to 0 seconds</message>
  <nestedLevel>2</nestedLevel>
</record>
<record>
  <date>2019-11-15T09:12:45</date>
  <millis>1573783965980</millis>
  <sequence>16</sequence>
  <level>RUN_DATA</level>
  <class>com.kms.katalon.core.logging.XmlKeywordLogger</class>
  <method>logMessage</method>
  <thread>1</thread>
  <message>sessionId = 8d64b4a8-233d-4f25-a4ff-4ce9dd38ac8a</message>
  <nestedLevel>2</nestedLevel>
  <property name="sessionId">8d64b4a8-233d-4f25-a4ff-4ce9dd38ac8a</property>
</record>
<record>
  <date>2019-11-15T09:12:46</date>
  <millis>1573783966000</millis>
  <sequence>17</sequence>
  <level>RUN_DATA</level>
  <class>com.kms.katalon.core.logging.XmlKeywordLogger</class>
  <method>logMessage</method>
  <thread>1</thread>
  <message>browser = Firefox 60.0</message>
  <nestedLevel>2</nestedLevel>
  <property name="browser">Firefox 60.0</property>
</record>
<record>
  <date>2019-11-15T09:12:46</date>
  <millis>1573783966000</millis>
  <sequence>18</sequence>
  <level>RUN_DATA</level>
  <class>com.kms.katalon.core.logging.XmlKeywordLogger</class>
  <method>logMessage</method>
  <thread>1</thread>
  <message>platform = Windows 10</message>
  <nestedLevel>2</nestedLevel>
  <property name="platform">Windows 10</property>
</record>
<record>
  <date>2019-11-15T09:12:46</date>
  <millis>1573783966001</millis>
  <sequence>19</sequence>
  <level>RUN_DATA</level>
  <class>com.kms.katalon.core.logging.XmlKeywordLogger</class>
  <method>logMessage</method>
  <thread>1</thread>
  <message>seleniumVersion = 3.141.59</message>
  <nestedLevel>2</nestedLevel>
  <property name="seleniumVersion">3.141.59</property>
</record>
<record>
  <date>2019-11-15T09:12:46</date>
  <millis>1573783966001</millis>
  <sequence>20</sequence>
  <level>RUN_DATA</level>
  <class>com.kms.katalon.core.logging.XmlKeywordLogger</class>
  <method>logMessage</method>
  <thread>1</thread>
  <message>proxyInformation = ProxyInformation{proxyOption=NO_PROXY, proxyServerType=HTTP, password=, proxyServerAddress=, proxyServerPort=0}</message>
  <nestedLevel>2</nestedLevel>
  <property name="proxyInformation">ProxyInformation{proxyOption=NO_PROXY, proxyServerType=HTTP, password=, proxyServerAddress=, proxyServerPort=0}</property>
</record>
<record>
  <date>2019-11-15T09:12:50</date>
  <millis>1573783970879</millis>
  <sequence>22</sequence>
  <level>PASSED</level>
  <class>com.kms.katalon.core.logging.XmlKeywordLogger</class>
  <method>logMessage</method>
  <thread>1</thread>
  <message>Browser is opened with url: &amp;apos;https://www.deerberg.de/user/login-show&amp;apos;</message>
  <nestedLevel>2</nestedLevel>
</record>
<record>
  <date>2019-11-15T09:12:54</date>
  <millis>1573783974407</millis>
  <sequence>24</sequence>
  <level>PASSED</level>
  <class>com.kms.katalon.core.logging.XmlKeywordLogger</class>
  <method>logMessage</method>
  <thread>1</thread>
  <message>Current window maximized</message>
  <nestedLevel>2</nestedLevel>
</record>
<record>
  <date>2019-11-15T09:12:54</date>
  <millis>1573783974787</millis>
  <sequence>31</sequence>
  <level>PASSED</level>
  <class>com.kms.katalon.core.logging.XmlKeywordLogger</class>
  <method>logMessage</method>
  <thread>1</thread>
  <message>Object: &amp;apos;Object Repository/HomePage/Cookie_agree_btn&amp;apos; is clicked on</message>
  <nestedLevel>2</nestedLevel>
</record>
<record>
  <date>2019-11-15T09:12:54</date>
  <millis>1573783974789</millis>
  <sequence>32</sequence>
  <level>PASSED</level>
  <class>com.kms.katalon.core.logging.XmlKeywordLogger</class>
  <method>logMessage</method>
  <thread>1</thread>
  <message>I am on &amp;apos;Deerberg account&amp;apos; site</message>
  <nestedLevel>2</nestedLevel>
</record>
<record>
  <date>2019-11-15T09:12:54</date>
  <millis>1573783974789</millis>
  <sequence>33</sequence>
  <level>END</level>
  <class>com.kms.katalon.core.logging.XmlKeywordLogger</class>
  <method>endKeyword</method>
  <thread>1</thread>
  <message>End End action : I am on &amp;apos;Deerberg account&amp;apos; site</message>
  <nestedLevel>2</nestedLevel>
</record>
<record>
  <date>2019-11-15T09:12:54</date>
  <millis>1573783974790</millis>
  <sequence>34</sequence>
  <level>START</level>
  <class>com.kms.katalon.core.logging.XmlKeywordLogger</class>
  <method>startKeyword</method>
  <thread>1</thread>
  <message>Start action : I input vinhdoanngocthe+1@gmail.com and 123123123</message>
  <nestedLevel>2</nestedLevel>
</record>
<record>
  <date>2019-11-15T09:12:54</date>
  <millis>1573783974989</millis>
  <sequence>41</sequence>
  <level>PASSED</level>
  <class>com.kms.katalon.core.logging.XmlKeywordLogger</class>
  <method>logMessage</method>
  <thread>1</thread>
  <message>Object &amp;apos;Object Repository/LoginPage/input_E-Mail&amp;apos; is visible</message>
  <nestedLevel>2</nestedLevel>
</record>
<record>
  <date>2019-11-15T09:12:55</date>
  <millis>1573783975150</millis>
  <sequence>50</sequence>
  <level>PASSED</level>
  <class>com.kms.katalon.core.logging.XmlKeywordLogger</class>
  <method>logMessage</method>
  <thread>1</thread>
  <message>Text &amp;apos;vinhdoanngocthe+1@gmail.com&amp;apos; is set on object &amp;apos;Object Repository/LoginPage/input_E-Mail&amp;apos;</message>
  <nestedLevel>2</nestedLevel>
</record>
<record>
  <date>2019-11-15T09:12:55</date>
  <millis>1573783975252</millis>
  <sequence>57</sequence>
  <level>PASSED</level>
  <class>com.kms.katalon.core.logging.XmlKeywordLogger</class>
  <method>logMessage</method>
  <thread>1</thread>
  <message>Object &amp;apos;Object Repository/LoginPage/input_Passwort&amp;apos; is visible</message>
  <nestedLevel>2</nestedLevel>
</record>
<record>
  <date>2019-11-15T09:12:55</date>
  <millis>1573783975357</millis>
  <sequence>66</sequence>
  <level>PASSED</level>
  <class>com.kms.katalon.core.logging.XmlKeywordLogger</class>
  <method>logMessage</method>
  <thread>1</thread>
  <message>Text &amp;apos;123123123&amp;apos; is set on object &amp;apos;Object Repository/LoginPage/input_Passwort&amp;apos;</message>
  <nestedLevel>2</nestedLevel>
</record>
<record>
  <date>2019-11-15T09:12:55</date>
  <millis>1573783975357</millis>
  <sequence>67</sequence>
  <level>PASSED</level>
  <class>com.kms.katalon.core.logging.XmlKeywordLogger</class>
  <method>logMessage</method>
  <thread>1</thread>
  <message>I input vinhdoanngocthe+1@gmail.com and 123123123</message>
  <nestedLevel>2</nestedLevel>
</record>
<record>
  <date>2019-11-15T09:12:55</date>
  <millis>1573783975358</millis>
  <sequence>68</sequence>
  <level>END</level>
  <class>com.kms.katalon.core.logging.XmlKeywordLogger</class>
  <method>endKeyword</method>
  <thread>1</thread>
  <message>End End action : I input vinhdoanngocthe+1@gmail.com and 123123123</message>
  <nestedLevel>2</nestedLevel>
</record>
<record>
  <date>2019-11-15T09:12:55</date>
  <millis>1573783975358</millis>
  <sequence>69</sequence>
  <level>START</level>
  <class>com.kms.katalon.core.logging.XmlKeywordLogger</class>
  <method>startKeyword</method>
  <thread>1</thread>
  <message>Start action : I click on Login button</message>
  <nestedLevel>2</nestedLevel>
</record>
<record>
  <date>2019-11-15T09:13:06</date>
  <millis>1573783986357</millis>
  <sequence>76</sequence>
  <level>PASSED</level>
  <class>com.kms.katalon.core.logging.XmlKeywordLogger</class>
  <method>logMessage</method>
  <thread>1</thread>
  <message>Object: &amp;apos;Object Repository/LoginPage/Login_btn&amp;apos; is clicked on</message>
  <nestedLevel>2</nestedLevel>
</record>
<record>
  <date>2019-11-15T09:13:06</date>
  <millis>1573783986358</millis>
  <sequence>77</sequence>
  <level>PASSED</level>
  <class>com.kms.katalon.core.logging.XmlKeywordLogger</class>
  <method>logMessage</method>
  <thread>1</thread>
  <message>I click on Login button</message>
  <nestedLevel>2</nestedLevel>
</record>
<record>
  <date>2019-11-15T09:13:06</date>
  <millis>1573783986358</millis>
  <sequence>78</sequence>
  <level>END</level>
  <class>com.kms.katalon.core.logging.XmlKeywordLogger</class>
  <method>endKeyword</method>
  <thread>1</thread>
  <message>End End action : I click on Login button</message>
  <nestedLevel>2</nestedLevel>
</record>
<record>
  <date>2019-11-15T09:13:06</date>
  <millis>1573783986358</millis>
  <sequence>79</sequence>
  <level>START</level>
  <class>com.kms.katalon.core.logging.XmlKeywordLogger</class>
  <method>startKeyword</method>
  <thread>1</thread>
  <message>Start action : I will navigate to account page</message>
  <nestedLevel>2</nestedLevel>
</record>
<record>
  <date>2019-11-15T09:13:06</date>
  <millis>1573783986459</millis>
  <sequence>86</sequence>
  <level>PASSED</level>
  <class>com.kms.katalon.core.logging.XmlKeywordLogger</class>
  <method>logMessage</method>
  <thread>1</thread>
  <message>Text of object &amp;apos;Object Repository/UserPage/User_name&amp;apos; is: &amp;apos;Hallo vinh doan&amp;apos;</message>
  <nestedLevel>2</nestedLevel>
</record>
<record>
  <date>2019-11-15T09:13:07</date>
  <millis>1573783987580</millis>
  <sequence>88</sequence>
  <level>PASSED</level>
  <class>com.kms.katalon.core.logging.XmlKeywordLogger</class>
  <method>logMessage</method>
  <thread>1</thread>
  <message>Browser is closed</message>
  <nestedLevel>2</nestedLevel>
</record>
<record>
  <date>2019-11-15T09:13:07</date>
  <millis>1573783987581</millis>
  <sequence>89</sequence>
  <level>PASSED</level>
  <class>com.kms.katalon.core.logging.XmlKeywordLogger</class>
  <method>logMessage</method>
  <thread>1</thread>
  <message>I will navigate to account page</message>
  <nestedLevel>2</nestedLevel>
</record>
<record>
  <date>2019-11-15T09:13:07</date>
  <millis>1573783987581</millis>
  <sequence>90</sequence>
  <level>END</level>
  <class>com.kms.katalon.core.logging.XmlKeywordLogger</class>
  <method>endKeyword</method>
  <thread>1</thread>
  <message>End End action : I will navigate to account page</message>
  <nestedLevel>2</nestedLevel>
</record>
<record>
  <date>2019-11-15T09:13:07</date>
  <millis>1573783987583</millis>
  <sequence>91</sequence>
  <level>PASSED</level>
  <class>com.kms.katalon.core.logging.XmlKeywordLogger</class>
  <method>logMessage</method>
  <thread>1</thread>
  <message>SCENARIO Login successfully</message>
  <nestedLevel>2</nestedLevel>
</record>
<record>
  <date>2019-11-15T09:13:07</date>
  <millis>1573783987584</millis>
  <sequence>92</sequence>
  <level>END</level>
  <class>com.kms.katalon.core.logging.XmlKeywordLogger</class>
  <method>endTest</method>
  <thread>1</thread>
  <message>End Test Case : SCENARIO Login successfully</message>
  <nestedLevel>1</nestedLevel>
</record>
<record>
  <date>2019-11-15T09:13:07</date>
  <millis>1573783987652</millis>
  <sequence>93</sequence>
  <level>PASSED</level>
  <class>com.kms.katalon.core.logging.XmlKeywordLogger</class>
  <method>logMessage</method>
  <thread>1</thread>
  <message>Feature file: &amp;apos;Include/features/LoginSucessful .feature&amp;apos; was passed</message>
  <nestedLevel>1</nestedLevel>
</record>
<record>
  <date>2019-11-15T09:13:07</date>
  <millis>1573783987652</millis>
  <sequence>94</sequence>
  <level>END</level>
  <class>com.kms.katalon.core.logging.XmlKeywordLogger</class>
  <method>endKeyword</method>
  <thread>1</thread>
  <message>End action : runFeatureFile(\&amp;quot;Include/features/LoginSucessful .feature\&amp;quot;)</message>
  <nestedLevel>1</nestedLevel>
</record>
<record>
  <date>2019-11-15T09:13:07</date>
  <millis>1573783987652</millis>
  <sequence>95</sequence>
  <level>PASSED</level>
  <class>com.kms.katalon.core.logging.XmlKeywordLogger</class>
  <method>logMessage</method>
  <thread>1</thread>
  <message>Test Cases/LoginSucessful</message>
  <nestedLevel>1</nestedLevel>
</record>
<record>
  <date>2019-11-15T09:13:07</date>
  <millis>1573783987653</millis>
  <sequence>96</sequence>
  <level>END</level>
  <class>com.kms.katalon.core.logging.XmlKeywordLogger</class>
  <method>endTest</method>
  <thread>1</thread>
  <message>End Test Case : Test Cases/LoginSucessful</message>
  <nestedLevel>0</nestedLevel>
</record>
<record>
  <date>2019-11-15T09:13:07</date>
  <millis>1573783987683</millis>
  <sequence>97</sequence>
  <level>END</level>
  <class>com.kms.katalon.core.logging.XmlKeywordLogger</class>
  <method>endSuite</method>
  <thread>1</thread>
  <message>End Test Suite : Test Suites/Login</message>
  <nestedLevel>0</nestedLevel>
</record>
</log>
