<?xml version="1.0" encoding="UTF-8" standalone="no"?>
<!DOCTYPE log SYSTEM "logger.dtd">
<log>
<record>
  <date>2019-11-14T14:59:12</date>
  <millis>1573718352636</millis>
  <sequence>0</sequence>
  <level>START</level>
  <class>com.kms.katalon.core.logging.XmlKeywordLogger</class>
  <method>startSuite</method>
  <thread>1</thread>
  <message>Start Test Suite : Test Suites/Login</message>
  <nestedLevel>0</nestedLevel>
  <property name="name">Login</property>
  <property name="description"></property>
  <property name="id">Test Suites/Login</property>
</record>
<record>
  <date>2019-11-14T14:59:12</date>
  <millis>1573718352652</millis>
  <sequence>1</sequence>
  <level>RUN_DATA</level>
  <class>com.kms.katalon.core.logging.XmlKeywordLogger</class>
  <method>logMessage</method>
  <thread>1</thread>
  <message>hostName = vntdoan - vinhnnb.mgm-edv.de</message>
  <nestedLevel>0</nestedLevel>
  <property name="hostName">vntdoan - vinhnnb.mgm-edv.de</property>
</record>
<record>
  <date>2019-11-14T14:59:12</date>
  <millis>1573718352653</millis>
  <sequence>2</sequence>
  <level>RUN_DATA</level>
  <class>com.kms.katalon.core.logging.XmlKeywordLogger</class>
  <method>logMessage</method>
  <thread>1</thread>
  <message>os = Windows 10 64bit</message>
  <nestedLevel>0</nestedLevel>
  <property name="os">Windows 10 64bit</property>
</record>
<record>
  <date>2019-11-14T14:59:12</date>
  <millis>1573718352654</millis>
  <sequence>3</sequence>
  <level>RUN_DATA</level>
  <class>com.kms.katalon.core.logging.XmlKeywordLogger</class>
  <method>logMessage</method>
  <thread>1</thread>
  <message>hostAddress = 172.31.240.144</message>
  <nestedLevel>0</nestedLevel>
  <property name="hostAddress">172.31.240.144</property>
</record>
<record>
  <date>2019-11-14T14:59:12</date>
  <millis>1573718352654</millis>
  <sequence>4</sequence>
  <level>RUN_DATA</level>
  <class>com.kms.katalon.core.logging.XmlKeywordLogger</class>
  <method>logMessage</method>
  <thread>1</thread>
  <message>katalonVersion = 6.3.3.11</message>
  <nestedLevel>0</nestedLevel>
  <property name="katalonVersion">6.3.3.11</property>
</record>
<record>
  <date>2019-11-14T14:59:12</date>
  <millis>1573718352883</millis>
  <sequence>5</sequence>
  <level>START</level>
  <class>com.kms.katalon.core.logging.XmlKeywordLogger</class>
  <method>startTest</method>
  <thread>1</thread>
  <message>Start Test Case : Test Cases/LoginSucessful</message>
  <nestedLevel>1</nestedLevel>
  <property name="name">Test Cases/LoginSucessful</property>
  <property name="description"></property>
  <property name="id">Test Cases/LoginSucessful</property>
  <property name="source">C:\\Users\\vntdoan\\Katalon Studio\\DEE-Test\\Test Cases\\LoginSucessful.tc</property>
  <property name="tag"></property>
  <property name="isOptional">false</property>
</record>
<record>
  <date>2019-11-14T14:59:13</date>
  <millis>1573718353182</millis>
  <sequence>7</sequence>
  <level>START</level>
  <class>com.kms.katalon.core.logging.XmlKeywordLogger</class>
  <method>startKeyword</method>
  <thread>1</thread>
  <message>Start action : runFeatureFile(\&amp;quot;Include/features/LoginSucessful .feature\&amp;quot;)</message>
  <nestedLevel>1</nestedLevel>
  <property name="startLine">16</property>
  <property name="stepIndex">1</property>
</record>
<record>
  <date>2019-11-14T14:59:13</date>
  <millis>1573718353231</millis>
  <sequence>8</sequence>
  <level>INFO</level>
  <class>com.kms.katalon.core.logging.XmlKeywordLogger</class>
  <method>logMessage</method>
  <thread>1</thread>
  <message>Starting run keyword runFeatureFile: &amp;apos;Include/features/LoginSucessful .feature&amp;apos; and extract report to folder: &amp;apos;C:\\Users\\vntdoan\\Katalon Studio\\DEE-Test\\Reports\\20191114_145910\\Login\\20191114_145910/cucumber_report/1573718353223&amp;apos;...</message>
  <nestedLevel>1</nestedLevel>
</record>
<record>
  <date>2019-11-14T14:59:13</date>
  <millis>1573718353721</millis>
  <sequence>9</sequence>
  <level>START</level>
  <class>com.kms.katalon.core.logging.XmlKeywordLogger</class>
  <method>startTest</method>
  <thread>1</thread>
  <message>Start Test Case : SCENARIO Login successfully</message>
  <nestedLevel>2</nestedLevel>
</record>
<record>
  <date>2019-11-14T14:59:13</date>
  <millis>1573718353723</millis>
  <sequence>10</sequence>
  <level>START</level>
  <class>com.kms.katalon.core.logging.XmlKeywordLogger</class>
  <method>startKeyword</method>
  <thread>1</thread>
  <message>Start action : I am on &amp;apos;Deerberg&amp;apos; site</message>
  <nestedLevel>2</nestedLevel>
</record>
<record>
  <date>2019-11-14T14:59:13</date>
  <millis>1573718353939</millis>
  <sequence>12</sequence>
  <level>INFO</level>
  <class>com.kms.katalon.core.logging.XmlKeywordLogger</class>
  <method>logMessage</method>
  <thread>1</thread>
  <message>Starting &amp;apos;Chrome&amp;apos; driver</message>
  <nestedLevel>2</nestedLevel>
</record>
<record>
  <date>2019-11-14T14:59:13</date>
  <millis>1573718353978</millis>
  <sequence>14</sequence>
  <level>INFO</level>
  <class>com.kms.katalon.core.logging.XmlKeywordLogger</class>
  <method>logMessage</method>
  <thread>1</thread>
  <message>Action delay is set to 0 seconds</message>
  <nestedLevel>2</nestedLevel>
</record>
<record>
  <date>2019-11-14T14:59:17</date>
  <millis>1573718357766</millis>
  <sequence>16</sequence>
  <level>RUN_DATA</level>
  <class>com.kms.katalon.core.logging.XmlKeywordLogger</class>
  <method>logMessage</method>
  <thread>1</thread>
  <message>sessionId = 2aeb12bb4f285ef4ad5ba8e3dae9b4f8</message>
  <nestedLevel>2</nestedLevel>
  <property name="sessionId">2aeb12bb4f285ef4ad5ba8e3dae9b4f8</property>
</record>
<record>
  <date>2019-11-14T14:59:17</date>
  <millis>1573718357785</millis>
  <sequence>17</sequence>
  <level>RUN_DATA</level>
  <class>com.kms.katalon.core.logging.XmlKeywordLogger</class>
  <method>logMessage</method>
  <thread>1</thread>
  <message>browser = Chrome 78.0.3904.97</message>
  <nestedLevel>2</nestedLevel>
  <property name="browser">Chrome 78.0.3904.97</property>
</record>
<record>
  <date>2019-11-14T14:59:17</date>
  <millis>1573718357785</millis>
  <sequence>18</sequence>
  <level>RUN_DATA</level>
  <class>com.kms.katalon.core.logging.XmlKeywordLogger</class>
  <method>logMessage</method>
  <thread>1</thread>
  <message>platform = Windows 10</message>
  <nestedLevel>2</nestedLevel>
  <property name="platform">Windows 10</property>
</record>
<record>
  <date>2019-11-14T14:59:17</date>
  <millis>1573718357785</millis>
  <sequence>19</sequence>
  <level>RUN_DATA</level>
  <class>com.kms.katalon.core.logging.XmlKeywordLogger</class>
  <method>logMessage</method>
  <thread>1</thread>
  <message>seleniumVersion = 3.141.59</message>
  <nestedLevel>2</nestedLevel>
  <property name="seleniumVersion">3.141.59</property>
</record>
<record>
  <date>2019-11-14T14:59:17</date>
  <millis>1573718357786</millis>
  <sequence>20</sequence>
  <level>RUN_DATA</level>
  <class>com.kms.katalon.core.logging.XmlKeywordLogger</class>
  <method>logMessage</method>
  <thread>1</thread>
  <message>proxyInformation = ProxyInformation{proxyOption=NO_PROXY, proxyServerType=HTTP, password=, proxyServerAddress=, proxyServerPort=0}</message>
  <nestedLevel>2</nestedLevel>
  <property name="proxyInformation">ProxyInformation{proxyOption=NO_PROXY, proxyServerType=HTTP, password=, proxyServerAddress=, proxyServerPort=0}</property>
</record>
<record>
  <date>2019-11-14T14:59:17</date>
  <millis>1573718357786</millis>
  <sequence>21</sequence>
  <level>PASSED</level>
  <class>com.kms.katalon.core.logging.XmlKeywordLogger</class>
  <method>logMessage</method>
  <thread>1</thread>
  <message>Browser is opened with url: &amp;apos;null&amp;apos;</message>
  <nestedLevel>2</nestedLevel>
</record>
<record>
  <date>2019-11-14T14:59:22</date>
  <millis>1573718362180</millis>
  <sequence>24</sequence>
  <level>PASSED</level>
  <class>com.kms.katalon.core.logging.XmlKeywordLogger</class>
  <method>logMessage</method>
  <thread>1</thread>
  <message>Navigate to &amp;apos;https://www.deerberg.de/user/login-show&amp;apos; successfully</message>
  <nestedLevel>2</nestedLevel>
</record>
<record>
  <date>2019-11-14T14:59:23</date>
  <millis>1573718363354</millis>
  <sequence>26</sequence>
  <level>PASSED</level>
  <class>com.kms.katalon.core.logging.XmlKeywordLogger</class>
  <method>logMessage</method>
  <thread>1</thread>
  <message>Current window maximized</message>
  <nestedLevel>2</nestedLevel>
</record>
<record>
  <date>2019-11-14T14:59:23</date>
  <millis>1573718363587</millis>
  <sequence>33</sequence>
  <level>PASSED</level>
  <class>com.kms.katalon.core.logging.XmlKeywordLogger</class>
  <method>logMessage</method>
  <thread>1</thread>
  <message>Object: &amp;apos;Object Repository/HomePage/Cookie_agree_btn&amp;apos; is clicked on</message>
  <nestedLevel>2</nestedLevel>
</record>
<record>
  <date>2019-11-14T14:59:23</date>
  <millis>1573718363589</millis>
  <sequence>34</sequence>
  <level>PASSED</level>
  <class>com.kms.katalon.core.logging.XmlKeywordLogger</class>
  <method>logMessage</method>
  <thread>1</thread>
  <message>I am on &amp;apos;Deerberg&amp;apos; site</message>
  <nestedLevel>2</nestedLevel>
</record>
<record>
  <date>2019-11-14T14:59:23</date>
  <millis>1573718363589</millis>
  <sequence>35</sequence>
  <level>END</level>
  <class>com.kms.katalon.core.logging.XmlKeywordLogger</class>
  <method>endKeyword</method>
  <thread>1</thread>
  <message>End End action : I am on &amp;apos;Deerberg&amp;apos; site</message>
  <nestedLevel>2</nestedLevel>
</record>
<record>
  <date>2019-11-14T14:59:23</date>
  <millis>1573718363590</millis>
  <sequence>36</sequence>
  <level>START</level>
  <class>com.kms.katalon.core.logging.XmlKeywordLogger</class>
  <method>startKeyword</method>
  <thread>1</thread>
  <message>Start action : I input email &amp;apos;vinhdoanngocthe+1@gmail.com&amp;apos;</message>
  <nestedLevel>2</nestedLevel>
</record>
<record>
  <date>2019-11-14T14:59:23</date>
  <millis>1573718363763</millis>
  <sequence>43</sequence>
  <level>PASSED</level>
  <class>com.kms.katalon.core.logging.XmlKeywordLogger</class>
  <method>logMessage</method>
  <thread>1</thread>
  <message>Object &amp;apos;Object Repository/LoginPage/input_E-Mail&amp;apos; is visible</message>
  <nestedLevel>2</nestedLevel>
</record>
<record>
  <date>2019-11-14T14:59:24</date>
  <millis>1573718364068</millis>
  <sequence>52</sequence>
  <level>PASSED</level>
  <class>com.kms.katalon.core.logging.XmlKeywordLogger</class>
  <method>logMessage</method>
  <thread>1</thread>
  <message>Text &amp;apos;vinhdoanngocthe+1@gmail.com&amp;apos; is set on object &amp;apos;Object Repository/LoginPage/input_E-Mail&amp;apos;</message>
  <nestedLevel>2</nestedLevel>
</record>
<record>
  <date>2019-11-14T14:59:24</date>
  <millis>1573718364068</millis>
  <sequence>53</sequence>
  <level>PASSED</level>
  <class>com.kms.katalon.core.logging.XmlKeywordLogger</class>
  <method>logMessage</method>
  <thread>1</thread>
  <message>I input email &amp;apos;vinhdoanngocthe+1@gmail.com&amp;apos;</message>
  <nestedLevel>2</nestedLevel>
</record>
<record>
  <date>2019-11-14T14:59:24</date>
  <millis>1573718364069</millis>
  <sequence>54</sequence>
  <level>END</level>
  <class>com.kms.katalon.core.logging.XmlKeywordLogger</class>
  <method>endKeyword</method>
  <thread>1</thread>
  <message>End End action : I input email &amp;apos;vinhdoanngocthe+1@gmail.com&amp;apos;</message>
  <nestedLevel>2</nestedLevel>
</record>
<record>
  <date>2019-11-14T14:59:24</date>
  <millis>1573718364069</millis>
  <sequence>55</sequence>
  <level>START</level>
  <class>com.kms.katalon.core.logging.XmlKeywordLogger</class>
  <method>startKeyword</method>
  <thread>1</thread>
  <message>Start action : I input password &amp;apos;123123123&amp;apos;</message>
  <nestedLevel>2</nestedLevel>
</record>
<record>
  <date>2019-11-14T14:59:24</date>
  <millis>1573718364165</millis>
  <sequence>62</sequence>
  <level>PASSED</level>
  <class>com.kms.katalon.core.logging.XmlKeywordLogger</class>
  <method>logMessage</method>
  <thread>1</thread>
  <message>Object &amp;apos;Object Repository/LoginPage/input_Passwort&amp;apos; is visible</message>
  <nestedLevel>2</nestedLevel>
</record>
<record>
  <date>2019-11-14T14:59:24</date>
  <millis>1573718364312</millis>
  <sequence>71</sequence>
  <level>PASSED</level>
  <class>com.kms.katalon.core.logging.XmlKeywordLogger</class>
  <method>logMessage</method>
  <thread>1</thread>
  <message>Text &amp;apos;123123123&amp;apos; is set on object &amp;apos;Object Repository/LoginPage/input_Passwort&amp;apos;</message>
  <nestedLevel>2</nestedLevel>
</record>
<record>
  <date>2019-11-14T14:59:24</date>
  <millis>1573718364313</millis>
  <sequence>72</sequence>
  <level>PASSED</level>
  <class>com.kms.katalon.core.logging.XmlKeywordLogger</class>
  <method>logMessage</method>
  <thread>1</thread>
  <message>I input password &amp;apos;123123123&amp;apos;</message>
  <nestedLevel>2</nestedLevel>
</record>
<record>
  <date>2019-11-14T14:59:24</date>
  <millis>1573718364314</millis>
  <sequence>73</sequence>
  <level>END</level>
  <class>com.kms.katalon.core.logging.XmlKeywordLogger</class>
  <method>endKeyword</method>
  <thread>1</thread>
  <message>End End action : I input password &amp;apos;123123123&amp;apos;</message>
  <nestedLevel>2</nestedLevel>
</record>
<record>
  <date>2019-11-14T14:59:24</date>
  <millis>1573718364314</millis>
  <sequence>74</sequence>
  <level>START</level>
  <class>com.kms.katalon.core.logging.XmlKeywordLogger</class>
  <method>startKeyword</method>
  <thread>1</thread>
  <message>Start action : I click on Login button</message>
  <nestedLevel>2</nestedLevel>
</record>
<record>
  <date>2019-11-14T14:59:33</date>
  <millis>1573718373227</millis>
  <sequence>81</sequence>
  <level>PASSED</level>
  <class>com.kms.katalon.core.logging.XmlKeywordLogger</class>
  <method>logMessage</method>
  <thread>1</thread>
  <message>Object: &amp;apos;Object Repository/LoginPage/Login_btn&amp;apos; is clicked on</message>
  <nestedLevel>2</nestedLevel>
</record>
<record>
  <date>2019-11-14T14:59:33</date>
  <millis>1573718373228</millis>
  <sequence>82</sequence>
  <level>PASSED</level>
  <class>com.kms.katalon.core.logging.XmlKeywordLogger</class>
  <method>logMessage</method>
  <thread>1</thread>
  <message>I click on Login button</message>
  <nestedLevel>2</nestedLevel>
</record>
<record>
  <date>2019-11-14T14:59:33</date>
  <millis>1573718373229</millis>
  <sequence>83</sequence>
  <level>END</level>
  <class>com.kms.katalon.core.logging.XmlKeywordLogger</class>
  <method>endKeyword</method>
  <thread>1</thread>
  <message>End End action : I click on Login button</message>
  <nestedLevel>2</nestedLevel>
</record>
<record>
  <date>2019-11-14T14:59:33</date>
  <millis>1573718373229</millis>
  <sequence>84</sequence>
  <level>START</level>
  <class>com.kms.katalon.core.logging.XmlKeywordLogger</class>
  <method>startKeyword</method>
  <thread>1</thread>
  <message>Start action : I will navigate to account page</message>
  <nestedLevel>2</nestedLevel>
</record>
<record>
  <date>2019-11-14T14:59:33</date>
  <millis>1573718373335</millis>
  <sequence>91</sequence>
  <level>PASSED</level>
  <class>com.kms.katalon.core.logging.XmlKeywordLogger</class>
  <method>logMessage</method>
  <thread>1</thread>
  <message>Text of object &amp;apos;Object Repository/UserPage/User_name&amp;apos; is: &amp;apos;Hallo vinh doan&amp;apos;</message>
  <nestedLevel>2</nestedLevel>
</record>
<record>
  <date>2019-11-14T14:59:33</date>
  <millis>1573718373335</millis>
  <sequence>92</sequence>
  <level>PASSED</level>
  <class>com.kms.katalon.core.logging.XmlKeywordLogger</class>
  <method>logMessage</method>
  <thread>1</thread>
  <message>I will navigate to account page</message>
  <nestedLevel>2</nestedLevel>
</record>
<record>
  <date>2019-11-14T14:59:33</date>
  <millis>1573718373336</millis>
  <sequence>93</sequence>
  <level>END</level>
  <class>com.kms.katalon.core.logging.XmlKeywordLogger</class>
  <method>endKeyword</method>
  <thread>1</thread>
  <message>End End action : I will navigate to account page</message>
  <nestedLevel>2</nestedLevel>
</record>
<record>
  <date>2019-11-14T14:59:33</date>
  <millis>1573718373339</millis>
  <sequence>94</sequence>
  <level>PASSED</level>
  <class>com.kms.katalon.core.logging.XmlKeywordLogger</class>
  <method>logMessage</method>
  <thread>1</thread>
  <message>SCENARIO Login successfully</message>
  <nestedLevel>2</nestedLevel>
</record>
<record>
  <date>2019-11-14T14:59:33</date>
  <millis>1573718373339</millis>
  <sequence>95</sequence>
  <level>END</level>
  <class>com.kms.katalon.core.logging.XmlKeywordLogger</class>
  <method>endTest</method>
  <thread>1</thread>
  <message>End Test Case : SCENARIO Login successfully</message>
  <nestedLevel>1</nestedLevel>
</record>
<record>
  <date>2019-11-14T14:59:33</date>
  <millis>1573718373413</millis>
  <sequence>96</sequence>
  <level>PASSED</level>
  <class>com.kms.katalon.core.logging.XmlKeywordLogger</class>
  <method>logMessage</method>
  <thread>1</thread>
  <message>Feature file: &amp;apos;Include/features/LoginSucessful .feature&amp;apos; was passed</message>
  <nestedLevel>1</nestedLevel>
</record>
<record>
  <date>2019-11-14T14:59:33</date>
  <millis>1573718373413</millis>
  <sequence>97</sequence>
  <level>END</level>
  <class>com.kms.katalon.core.logging.XmlKeywordLogger</class>
  <method>endKeyword</method>
  <thread>1</thread>
  <message>End action : runFeatureFile(\&amp;quot;Include/features/LoginSucessful .feature\&amp;quot;)</message>
  <nestedLevel>1</nestedLevel>
</record>
<record>
  <date>2019-11-14T14:59:33</date>
  <millis>1573718373413</millis>
  <sequence>98</sequence>
  <level>PASSED</level>
  <class>com.kms.katalon.core.logging.XmlKeywordLogger</class>
  <method>logMessage</method>
  <thread>1</thread>
  <message>Test Cases/LoginSucessful</message>
  <nestedLevel>1</nestedLevel>
</record>
<record>
  <date>2019-11-14T14:59:33</date>
  <millis>1573718373414</millis>
  <sequence>99</sequence>
  <level>END</level>
  <class>com.kms.katalon.core.logging.XmlKeywordLogger</class>
  <method>endTest</method>
  <thread>1</thread>
  <message>End Test Case : Test Cases/LoginSucessful</message>
  <nestedLevel>0</nestedLevel>
</record>
<record>
  <date>2019-11-14T14:59:34</date>
  <millis>1573718374178</millis>
  <sequence>100</sequence>
  <level>END</level>
  <class>com.kms.katalon.core.logging.XmlKeywordLogger</class>
  <method>endSuite</method>
  <thread>1</thread>
  <message>End Test Suite : Test Suites/Login</message>
  <nestedLevel>0</nestedLevel>
</record>
</log>
